[Mon Jul 22 00:07:09 CEST 2024] INFO: Builder ver: 0.17.b24 started java ver: 18.0 osname: Mac OS X osarc: x86_64 osver: 3940671148785664 
[Mon Jul 22 00:07:09 CEST 2024] INFO: Platform: Adafruit_GFX 
[Mon Jul 22 00:07:09 CEST 2024] SEVERE: unable to parse font: /Users/amagalhaes/Documents/Arduino/0x66err_ctrl/tooling/GUIsliceBuilder/fonts/gfx/ofl-faq10.txt 
[Mon Jul 22 00:07:09 CEST 2024] SEVERE: unable to parse font: /Users/amagalhaes/Documents/Arduino/0x66err_ctrl/tooling/GUIsliceBuilder/fonts/gfx/Noto_readme.txt 
[Mon Jul 22 00:07:09 CEST 2024] SEVERE: unable to parse font: /Users/amagalhaes/Documents/Arduino/0x66err_ctrl/tooling/GUIsliceBuilder/fonts/gfx/adafruit_license.txt 
[Mon Jul 22 00:07:09 CEST 2024] SEVERE: unable to parse font: /Users/amagalhaes/Documents/Arduino/0x66err_ctrl/tooling/GUIsliceBuilder/fonts/gfx/LICENSE_OFL.txt 
[Mon Jul 22 00:07:09 CEST 2024] INFO: Platform: M5Stack 
[Mon Jul 22 00:07:09 CEST 2024] INFO: Platform: ILI9341_t3 
[Mon Jul 22 00:07:09 CEST 2024] INFO: Platform: TFT_eSPI 
[Mon Jul 22 00:07:09 CEST 2024] SEVERE: unable to parse font: /Users/amagalhaes/Documents/Arduino/0x66err_ctrl/tooling/GUIsliceBuilder/fonts/gfx/ofl-faq10.txt 
[Mon Jul 22 00:07:09 CEST 2024] SEVERE: unable to parse font: /Users/amagalhaes/Documents/Arduino/0x66err_ctrl/tooling/GUIsliceBuilder/fonts/gfx/Noto_readme.txt 
[Mon Jul 22 00:07:09 CEST 2024] SEVERE: unable to parse font: /Users/amagalhaes/Documents/Arduino/0x66err_ctrl/tooling/GUIsliceBuilder/fonts/gfx/adafruit_license.txt 
[Mon Jul 22 00:07:09 CEST 2024] SEVERE: unable to parse font: /Users/amagalhaes/Documents/Arduino/0x66err_ctrl/tooling/GUIsliceBuilder/fonts/gfx/LICENSE_OFL.txt 
[Mon Jul 22 00:07:09 CEST 2024] INFO: Platform: UTFT 
[Mon Jul 22 00:07:09 CEST 2024] INFO: Platform: Linux 
[Mon Jul 22 00:07:09 CEST 2024] INFO: Total number Platforms: 6 number of fonts: 618 
[Mon Jul 22 00:07:09 CEST 2024] INFO: FontFactory Initialized 
[Mon Jul 22 00:07:11 CEST 2024] INFO: TV-add page: Node: key=Project$1 enum=E_PROJECT_OPTIONS type=Project 
[Mon Jul 22 00:07:11 CEST 2024] INFO: PropManager: OBJECT_SELECTED_TREEVIEW: Project$1 Parent: Root 
[Mon Jul 22 00:07:11 CEST 2024] INFO: Controller recv: OBJECT_SELECTED_TREEVIEW: Project$1 Parent: Root 
[Mon Jul 22 00:07:12 CEST 2024] INFO: TreeView recv: PAGE_TAB_CHANGE Key: Page$1 
[Mon Jul 22 00:07:12 CEST 2024] INFO: TV-add page: Node: key=Page$1 enum=E_PG_MAIN type=Page 
[Mon Jul 22 00:07:12 CEST 2024] INFO: PropManager: OBJECT_SELECTED_TREEVIEW: Page$1 Parent: Root 
[Mon Jul 22 00:07:12 CEST 2024] INFO: Controller recv: OBJECT_SELECTED_TREEVIEW: Page$1 Parent: Root 
[Mon Jul 22 00:07:12 CEST 2024] INFO: New Project 
[Mon Jul 22 00:07:12 CEST 2024] INFO: Project Options 
[Mon Jul 22 00:07:12 CEST 2024] INFO: Target IDE: Arduino IDE 
[Mon Jul 22 00:07:12 CEST 2024] INFO: PlatformIO default_envs:  
[Mon Jul 22 00:07:12 CEST 2024] INFO: Graphics Library: Adafruit_GFX 
[Mon Jul 22 00:07:12 CEST 2024] INFO: GUIslice API Theme: GUIslice 
[Mon Jul 22 00:07:12 CEST 2024] INFO: Project's Extra Fonts: [Ljava.lang.String;@3447ec3d 
[Mon Jul 22 00:07:12 CEST 2024] INFO: TFT Screen Width: 320 
[Mon Jul 22 00:07:12 CEST 2024] INFO: TFT Screen Height: 240 
[Mon Jul 22 00:07:12 CEST 2024] INFO: Background Color: java.awt.Color[r=0,g=0,b=0] 
[Mon Jul 22 00:07:12 CEST 2024] INFO: Use Background Image?: false 
[Mon Jul 22 00:07:12 CEST 2024] INFO: Target Platform Image Directory: / 
[Mon Jul 22 00:07:12 CEST 2024] INFO: Background Image File:  
[Mon Jul 22 00:07:12 CEST 2024] INFO: Background Image #defines:  
[Mon Jul 22 00:07:12 CEST 2024] INFO: Background Image Memory:  
[Mon Jul 22 00:07:12 CEST 2024] INFO: Background Image Format:  
[Mon Jul 22 00:07:12 CEST 2024] INFO: Screen Margins: 10 
[Mon Jul 22 00:07:12 CEST 2024] INFO: Horizontal Spacing between widgets: 20 
[Mon Jul 22 00:07:12 CEST 2024] INFO: Vertical Spacing between widgets: 20 
[Mon Jul 22 00:07:12 CEST 2024] INFO: MAX_STR: 100 
[Mon Jul 22 00:07:12 CEST 2024] INFO: Screen Rotation [0-3 or -1 default]: -1 
[Mon Jul 22 00:07:33 CEST 2024] INFO: Toolbar: open 
[Mon Jul 22 00:07:35 CEST 2024] INFO: Open Project: GUISliceProjects.prj Started 
[Mon Jul 22 00:07:36 CEST 2024] INFO: Project Options 
[Mon Jul 22 00:07:36 CEST 2024] INFO: Target IDE: Arduino IDE 
[Mon Jul 22 00:07:36 CEST 2024] INFO: PlatformIO default_envs:  
[Mon Jul 22 00:07:36 CEST 2024] INFO: Graphics Library: Adafruit_GFX 
[Mon Jul 22 00:07:36 CEST 2024] INFO: GUIslice API Theme: GUIslice 
[Mon Jul 22 00:07:36 CEST 2024] INFO: Project's Extra Fonts: [Ljava.lang.String;@5e491500 
[Mon Jul 22 00:07:36 CEST 2024] INFO: TFT Screen Width: 480 
[Mon Jul 22 00:07:36 CEST 2024] INFO: TFT Screen Height: 320 
[Mon Jul 22 00:07:36 CEST 2024] INFO: Background Color: java.awt.Color[r=0,g=0,b=0] 
[Mon Jul 22 00:07:36 CEST 2024] INFO: Use Background Image?: false 
[Mon Jul 22 00:07:36 CEST 2024] INFO: Target Platform Image Directory: / 
[Mon Jul 22 00:07:36 CEST 2024] INFO: Background Image File:  
[Mon Jul 22 00:07:36 CEST 2024] INFO: Background Image #defines:  
[Mon Jul 22 00:07:36 CEST 2024] INFO: Background Image Memory:  
[Mon Jul 22 00:07:36 CEST 2024] INFO: Background Image Format:  
[Mon Jul 22 00:07:36 CEST 2024] INFO: Screen Margins: 5 
[Mon Jul 22 00:07:36 CEST 2024] INFO: Horizontal Spacing between widgets: 20 
[Mon Jul 22 00:07:36 CEST 2024] INFO: Vertical Spacing between widgets: 20 
[Mon Jul 22 00:07:36 CEST 2024] INFO: MAX_STR: 100 
[Mon Jul 22 00:07:36 CEST 2024] INFO: Screen Rotation [0-3 or -1 default]: -1 
[Mon Jul 22 00:07:36 CEST 2024] INFO: TV-add page: Node: key=Project$1 enum=E_PROJECT_OPTIONS type=Project 
[Mon Jul 22 00:07:36 CEST 2024] INFO: PropManager: OBJECT_SELECTED_TREEVIEW: Project$1 Parent: Root 
[Mon Jul 22 00:07:36 CEST 2024] INFO: Controller recv: OBJECT_SELECTED_TREEVIEW: Project$1 Parent: Root 
[Mon Jul 22 00:07:36 CEST 2024] INFO: TreeView recv: PAGE_TAB_CHANGE Key: Page$1 
[Mon Jul 22 00:07:36 CEST 2024] INFO: TV-add page: Node: key=Page$1 enum=E_PG_MAIN type=Page 
[Mon Jul 22 00:07:36 CEST 2024] INFO: PropManager: OBJECT_SELECTED_TREEVIEW: Page$1 Parent: Root 
[Mon Jul 22 00:07:36 CEST 2024] INFO: Controller recv: OBJECT_SELECTED_TREEVIEW: Page$1 Parent: Root 
[Mon Jul 22 00:07:36 CEST 2024] INFO: TreeView recv: PAGE_TAB_CHANGE Key: Page$2 
[Mon Jul 22 00:07:36 CEST 2024] INFO: TV-add page: Node: key=Page$2 enum=E_PG_XYMAP type=Page 
[Mon Jul 22 00:07:36 CEST 2024] INFO: PropManager: OBJECT_SELECTED_TREEVIEW: Page$2 Parent: Root 
[Mon Jul 22 00:07:36 CEST 2024] INFO: Controller recv: OBJECT_SELECTED_TREEVIEW: Page$2 Parent: Root 
[Mon Jul 22 00:07:36 CEST 2024] INFO: PropManager: OBJECT_UNSELECT_PAGEPANE:  Parent:  
[Mon Jul 22 00:07:36 CEST 2024] INFO: TreeView recv: OBJECT_UNSELECT_PAGEPANE:  Parent:  
[Mon Jul 22 00:07:36 CEST 2024] INFO: PropManager: OBJECT_UNSELECT_TREEVIEW:  Parent:  
[Mon Jul 22 00:07:36 CEST 2024] INFO: PagePane: OBJECT_UNSELECT_TREEVIEW:  Parent:  
[Mon Jul 22 00:07:36 CEST 2024] INFO: PagePane: OBJECT_UNSELECT_TREEVIEW:  Parent:  
[Mon Jul 22 00:07:36 CEST 2024] INFO: PagePane: OBJECT_UNSELECT_TREEVIEW:  Parent:  
[Mon Jul 22 00:07:36 CEST 2024] INFO: PagePane: OBJECT_UNSELECT_TREEVIEW:  Parent:  
[Mon Jul 22 00:07:36 CEST 2024] INFO: PagePane: OBJECT_UNSELECT_TREEVIEW:  Parent:  
[Mon Jul 22 00:07:36 CEST 2024] INFO: PagePane: OBJECT_UNSELECT_TREEVIEW:  Parent:  
[Mon Jul 22 00:07:36 CEST 2024] INFO: TreeView recv: TREEVIEW_RESET 
[Mon Jul 22 00:07:36 CEST 2024] INFO: Opened Project File: GUISliceProjects.prj 
[Mon Jul 22 00:07:50 CEST 2024] INFO: PropManager: OBJECT_UNSELECT_TREEVIEW:  Parent: Page$2 
[Mon Jul 22 00:07:50 CEST 2024] INFO: PagePane: OBJECT_UNSELECT_TREEVIEW:  Parent: Page$2 
[Mon Jul 22 00:07:50 CEST 2024] INFO: PagePane: OBJECT_UNSELECT_TREEVIEW:  Parent: Page$2 
[Mon Jul 22 00:07:50 CEST 2024] INFO: PagePane: OBJECT_UNSELECT_TREEVIEW:  Parent: Page$2 
[Mon Jul 22 00:07:50 CEST 2024] INFO: PagePane: OBJECT_UNSELECT_TREEVIEW:  Parent: Page$2 
[Mon Jul 22 00:07:50 CEST 2024] INFO: PagePane: OBJECT_UNSELECT_TREEVIEW:  Parent: Page$2 
[Mon Jul 22 00:07:50 CEST 2024] INFO: PagePane: OBJECT_UNSELECT_TREEVIEW:  Parent: Page$2 
[Mon Jul 22 00:07:54 CEST 2024] INFO: Toolbar: page 
[Mon Jul 22 00:07:54 CEST 2024] INFO: TreeView recv: PAGE_TAB_CHANGE Key: Page$3 
[Mon Jul 22 00:07:54 CEST 2024] INFO: TV-add page: Node: key=Page$3 enum=E_PG3 type=Page 
[Mon Jul 22 00:07:54 CEST 2024] INFO: PropManager: OBJECT_SELECTED_TREEVIEW: Page$3 Parent: Root 
[Mon Jul 22 00:07:54 CEST 2024] INFO: Controller recv: OBJECT_SELECTED_TREEVIEW: Page$3 Parent: Root 
[Mon Jul 22 00:07:59 CEST 2024] INFO: TreeView recv: PAGE_ENUM_CHANGE: Page$3 Parent: E_PG_DEBUG 
[Mon Jul 22 00:07:59 CEST 2024] INFO: Controller recv: PAGE_ENUM_CHANGE: Page$3 Parent: E_PG_DEBUG 
[Mon Jul 22 00:07:59 CEST 2024] INFO: Perform: model: Page$3 Property: 'ENUM' Changed from->E_PG3 to->E_PG_DEBUG row=1 
[Mon Jul 22 00:08:01 CEST 2024] INFO: TreeView recv: PAGE_TAB_CHANGE Key: Page$2 
[Mon Jul 22 00:08:01 CEST 2024] INFO: TreeView recv: PAGE_TAB_CHANGE Key: Page$1 
[Mon Jul 22 00:08:02 CEST 2024] INFO: TreeView recv: PAGE_TAB_CHANGE Key: Project$1 
[Mon Jul 22 00:08:02 CEST 2024] INFO: TreeView recv: PAGE_TAB_CHANGE Key: Page$1 
[Mon Jul 22 00:08:03 CEST 2024] INFO: TreeView recv: PAGE_TAB_CHANGE Key: Page$2 
[Mon Jul 22 00:08:03 CEST 2024] INFO: TreeView recv: PAGE_TAB_CHANGE Key: Page$3 
[Mon Jul 22 00:08:04 CEST 2024] INFO: TreeView recv: PAGE_TAB_CHANGE Key: Page$2 
[Mon Jul 22 00:08:04 CEST 2024] INFO: TreeView recv: PAGE_TAB_CHANGE Key: Page$1 
[Mon Jul 22 00:08:05 CEST 2024] INFO: PropManager: OBJECT_SELECTED_PAGEPANE: TextButton$1 
[Mon Jul 22 00:08:05 CEST 2024] INFO: TreeView recv: OBJECT_SELECTED_PAGEPANE: TextButton$1 
[Mon Jul 22 00:08:13 CEST 2024] INFO: Perform: model: TextButton$1 Property: 'Jump Page ENUM' Changed from->E_PG_XYMAP to->E_PG_DEBUG row=16 
[Mon Jul 22 00:08:13 CEST 2024] INFO: PropManager: OBJECT_SELECTED_PAGEPANE: Page$1 
[Mon Jul 22 00:08:13 CEST 2024] INFO: TreeView recv: OBJECT_SELECTED_PAGEPANE: Page$1 
[Mon Jul 22 00:08:15 CEST 2024] INFO: Toolbar: save 
[Mon Jul 22 00:08:15 CEST 2024] INFO: Saved Project into GUISliceProjects.prj 
[Mon Jul 22 00:08:16 CEST 2024] INFO: Toolbar: generateCode 
[Mon Jul 22 00:08:16 CEST 2024] INFO: doCodeGen for: /Users/amagalhaes/Documents/Arduino/0x66err_ctrl/tooling/GUISliceProjects/GUISliceProjects.prj 
[Mon Jul 22 00:08:16 CEST 2024] INFO: FontsPipe: Platform: Adafruit_GFX Category: FONT_GLCD Family: Builtin style: PLAIN size: 5 Font: BuiltIn(1x)->5x8pt7b include: NULL 
[Mon Jul 22 00:08:16 CEST 2024] INFO: FontsPipe: Platform: Adafruit_GFX Category: FONT_GLCD Family: Builtin style: PLAIN size: 20 Font: BuiltIn(4x)->20x32pt7b include: NULL 
[Mon Jul 22 00:08:16 CEST 2024] INFO: found: /Users/amagalhaes/Documents/Arduino/0x66err_ctrl/tooling/GUISliceProjects/.DS_Store 
[Mon Jul 22 00:08:16 CEST 2024] INFO: found: /Users/amagalhaes/Documents/Arduino/0x66err_ctrl/tooling/GUISliceProjects/GUISliceProjects_GSLC.h 
[Mon Jul 22 00:08:16 CEST 2024] INFO: found: /Users/amagalhaes/Documents/Arduino/0x66err_ctrl/tooling/GUISliceProjects/GUISliceProjects.prj 
[Mon Jul 22 00:08:16 CEST 2024] INFO: found: /Users/amagalhaes/Documents/Arduino/0x66err_ctrl/tooling/GUISliceProjects/GUISliceProjects.ino 
